<?xml version="1.0" encoding="UTF-8"?>
<!-- Generated by org.testng.reporters.JUnitXMLReporter -->
<testsuite ignored="0" hostname="DESKTOP-VJJ2I3U" failures="1" tests="7" name="LoginTest" time="14.092" errors="0" timestamp="2025-06-19T13:08:49 IST">
  <testcase classname="base.TestBase" name="@AfterMethod tearDown" time="3.771">
    <failure type="java.lang.IllegalArgumentException" message="Cannot format given Object as a Date">
      <![CDATA[java.lang.IllegalArgumentException: Cannot format given Object as a Date
at java.base/java.text.DateFormat.format(DateFormat.java:342)
at java.base/java.text.Format.format(Format.java:159)
at base.TestBase.takeScreenshot(TestBase.java:97)
at base.TestBase.tearDown(TestBase.java:79)
at java.base/java.util.ArrayList.forEach(ArrayList.java:1511)
at java.base/java.util.concurrent.FutureTask.run(FutureTask.java:317)
at java.base/java.util.concurrent.ThreadPoolExecutor.runWorker(ThreadPoolExecutor.java:1144)
at java.base/java.util.concurrent.ThreadPoolExecutor$Worker.run(ThreadPoolExecutor.java:642)
at java.base/java.lang.Thread.run(Thread.java:1589)
... Removed 21 stack frames]]>
    </failure>
  </testcase> <!-- @AfterMethod tearDown -->
  <testcase classname="base.TestBase" name="@BeforeMethod setup" time="-1.750318727427E9">
    <skipped/>
  </testcase> <!-- @BeforeMethod setup -->
  <testcase classname="base.TestBase" name="@AfterMethod tearDown" time="-1.750318727439E9">
    <skipped/>
  </testcase> <!-- @AfterMethod tearDown -->
  <testcase classname="base.TestBase" name="@BeforeMethod setup" time="-1.75031872744E9">
    <skipped/>
  </testcase> <!-- @BeforeMethod setup -->
  <testcase classname="base.TestBase" name="@AfterMethod tearDown" time="-1.750318727487E9">
    <skipped/>
  </testcase> <!-- @AfterMethod tearDown -->
  <testcase classname="base.TestBase" name="@BeforeMethod setup" time="-1.75031872749E9">
    <skipped/>
  </testcase> <!-- @BeforeMethod setup -->
  <testcase classname="base.TestBase" name="@AfterMethod tearDown" time="-1.750318727575E9">
    <skipped/>
  </testcase> <!-- @AfterMethod tearDown -->
  <testcase classname="base.TestBase" name="@BeforeMethod setup" time="-1.750318727625E9">
    <skipped/>
  </testcase> <!-- @BeforeMethod setup -->
  <testcase classname="base.TestBase" name="@AfterMethod tearDown" time="-1.750318727758E9">
    <skipped/>
  </testcase> <!-- @AfterMethod tearDown -->
  <testcase classname="base.TestBase" name="@BeforeMethod setup" time="-1.750318727764E9">
    <skipped/>
  </testcase> <!-- @BeforeMethod setup -->
  <testcase classname="base.TestBase" name="@AfterMethod tearDown" time="-1.75031872779E9">
    <skipped/>
  </testcase> <!-- @AfterMethod tearDown -->
  <testcase classname="base.TestBase" name="@BeforeMethod setup" time="-1.750318727794E9">
    <skipped/>
  </testcase> <!-- @BeforeMethod setup -->
  <testcase classname="base.TestBase" name="@AfterMethod tearDown" time="-1.750318727808E9">
    <skipped/>
  </testcase> <!-- @AfterMethod tearDown -->
  <testcase classname="test.LoginToAcademy" name="webLoginInvalid" time="0.033">
    <failure type="java.lang.NullPointerException" message="Cannot invoke &amp;quot;org.openqa.selenium.WebDriver.findElement(org.openqa.selenium.By)&amp;quot; because &amp;quot;driver&amp;quot; is null">
      <![CDATA[java.lang.NullPointerException: Cannot invoke "org.openqa.selenium.WebDriver.findElement(org.openqa.selenium.By)" because "driver" is null
at org.openqa.selenium.support.ui.ExpectedConditions$6.apply(ExpectedConditions.java:171)
at org.openqa.selenium.support.ui.ExpectedConditions$6.apply(ExpectedConditions.java:168)
at org.openqa.selenium.support.ui.FluentWait.until(FluentWait.java:203)
at utilities.ReadTestData.sendKeys(ReadTestData.java:112)
at test.LoginToAcademy.webLoginInvalid(LoginToAcademy.java:45)
at java.base/java.util.ArrayList.forEach(ArrayList.java:1511)
at java.base/java.util.concurrent.FutureTask.run(FutureTask.java:317)
at java.base/java.util.concurrent.ThreadPoolExecutor.runWorker(ThreadPoolExecutor.java:1144)
at java.base/java.util.concurrent.ThreadPoolExecutor$Worker.run(ThreadPoolExecutor.java:642)
at java.base/java.lang.Thread.run(Thread.java:1589)
... Removed 16 stack frames]]>
    </failure>
  </testcase> <!-- webLoginInvalid -->
  <testcase classname="test.LoginToAcademy" name="webLoginInvalid" time="0.0">
    <skipped/>
  </testcase> <!-- webLoginInvalid -->
  <testcase classname="test.LoginToAcademy" name="webLoginInvalid" time="0.0">
    <skipped/>
  </testcase> <!-- webLoginInvalid -->
  <testcase classname="test.LoginToAcademy" name="webLoginInvalid" time="0.0">
    <skipped/>
  </testcase> <!-- webLoginInvalid -->
  <testcase classname="test.LoginToAcademy" name="webLoginInvalid" time="0.0">
    <skipped/>
  </testcase> <!-- webLoginInvalid -->
  <testcase classname="test.LoginToAcademy" name="webLoginInvalid" time="0.0">
    <skipped/>
  </testcase> <!-- webLoginInvalid -->
  <testcase classname="test.LoginToAcademy" name="webLoginValid" time="0.0">
    <skipped/>
  </testcase> <!-- webLoginValid -->
</testsuite> <!-- LoginTest -->
